<?xml version="1.0" encoding="UTF-8"?>
<testng-results ignored="0" total="1" passed="1" failed="0" skipped="0">
  <reporter-output>
  </reporter-output>
  <suite started-at="2024-01-30T20:03:04 IST" name="Test Automation" finished-at="2024-01-30T20:04:17 IST" duration-ms="73017">
    <groups>
    </groups>
    <test started-at="2024-01-30T20:03:04 IST" name="Test" finished-at="2024-01-30T20:04:17 IST" duration-ms="73017">
      <class name="tests.LoginTest">
        <test-method signature="LoginTest()[pri:0, instance:tests.LoginTest@6eda5c9]" started-at="2024-01-30T20:03:04 IST" name="LoginTest" finished-at="2024-01-30T20:04:17 IST" duration-ms="72915" status="PASS">
          <reporter-output>
          </reporter-output>
        </test-method> <!-- LoginTest -->
      </class> <!-- tests.LoginTest -->
    </test> <!-- Test -->
  </suite> <!-- Test Automation -->
</testng-results>
