<?xml version="1.0" encoding="UTF-8"?>
<testng-results ignored="0" total="2" passed="2" failed="0" skipped="0">
  <reporter-output>
  </reporter-output>
  <suite started-at="2024-02-12T19:49:38 IST" name="Test Automation" finished-at="2024-02-12T19:50:52 IST" duration-ms="73994">
    <groups>
    </groups>
    <test started-at="2024-02-12T19:49:38 IST" name="Test" finished-at="2024-02-12T19:50:52 IST" duration-ms="73994">
      <class name="tests.LoginTest">
        <test-method is-config="true" signature="launchApplication()[pri:0, instance:tests.LoginTest@53fe15ff]" started-at="2024-02-12T19:49:38 IST" name="launchApplication" finished-at="2024-02-12T19:50:17 IST" duration-ms="38580" status="PASS">
          <reporter-output>
          </reporter-output>
        </test-method> <!-- launchApplication -->
        <test-method signature="LoginTestVeda(java.util.HashMap)[pri:0, instance:tests.LoginTest@53fe15ff]" started-at="2024-02-12T19:50:17 IST" name="LoginTestVeda" data-provider="getData" finished-at="2024-02-12T19:50:17 IST" duration-ms="346" status="PASS">
          <params>
            <param index="0">
              <value>
                <![CDATA[{password=password1121, username=Veda}]]>
              </value>
            </param>
          </params>
          <reporter-output>
          </reporter-output>
        </test-method> <!-- LoginTestVeda -->
        <test-method is-config="true" signature="launchApplication()[pri:0, instance:tests.LoginTest@53fe15ff]" started-at="2024-02-12T19:50:17 IST" name="launchApplication" finished-at="2024-02-12T19:50:52 IST" duration-ms="34658" status="PASS">
          <reporter-output>
          </reporter-output>
        </test-method> <!-- launchApplication -->
        <test-method signature="LoginTestVeda(java.util.HashMap)[pri:0, instance:tests.LoginTest@53fe15ff]" started-at="2024-02-12T19:50:52 IST" name="LoginTestVeda" data-provider="getData" finished-at="2024-02-12T19:50:52 IST" duration-ms="275" status="PASS">
          <params>
            <param index="0">
              <value>
                <![CDATA[{password=Test1121, username=Gourav}]]>
              </value>
            </param>
          </params>
          <reporter-output>
          </reporter-output>
        </test-method> <!-- LoginTestVeda -->
      </class> <!-- tests.LoginTest -->
    </test> <!-- Test -->
  </suite> <!-- Test Automation -->
</testng-results>
